<?xml version="1.0" encoding="UTF-8"?>
<!-- Generated by org.testng.reporters.JUnitReportReporter -->
<testsuite hostname="DESKTOP-N2PRSIL" failures="0" tests="2" name="testCases.TC_001SignupForNewUser" time="35.173" errors="0" timestamp="2025-06-05T14:21:21 IST" skipped="0">
  <testcase classname="testCases.TC_001SignupForNewUser" name="ClickSignupLogin" time="4.464"/>
  <testcase classname="testCases.TC_001SignupForNewUser" name="EnterAccountDetails" time="30.709"/>
</testsuite> <!-- testCases.TC_001SignupForNewUser -->
