<?xml version="1.0" encoding="UTF-8"?>
<!-- Generated by org.testng.reporters.JUnitReportReporter -->
<testsuite hostname="DESKTOP-N2PRSIL" failures="0" tests="1" name="testCases.TC_002VerifyTestCases" time="1.927" errors="0" timestamp="2025-06-06T10:26:40 IST" skipped="0">
  <testcase classname="testCases.TC_002VerifyTestCases" name="VerifyTestCases" time="1.927"/>
</testsuite> <!-- testCases.TC_002VerifyTestCases -->
