<?xml version="1.0" encoding="UTF-8"?>
<!-- Generated by org.testng.reporters.JUnitReportReporter -->
<testsuite hostname="DESKTOP-N2PRSIL" failures="0" tests="2" name="testCases.TC_003LoginWithInvalidEmailAndPassword" time="3.523" errors="0" timestamp="2025-06-04T09:27:27 IST" skipped="0">
  <testcase classname="testCases.TC_003LoginWithInvalidEmailAndPassword" name="ClickOnSignup" time="2.305"/>
  <testcase classname="testCases.TC_003LoginWithInvalidEmailAndPassword" name="VerifLoginFunctionality" time="1.218"/>
</testsuite> <!-- testCases.TC_003LoginWithInvalidEmailAndPassword -->
