<?xml version="1.0" encoding="UTF-8"?>
<!-- Generated by org.testng.reporters.JUnitReportReporter -->
<testsuite hostname="DESKTOP-N2PRSIL" failures="0" tests="1" name="testCases.TC_004ContacttoUsTest" time="28.244" errors="0" timestamp="2025-06-06T10:26:40 IST" skipped="0">
  <testcase classname="testCases.TC_004ContacttoUsTest" name="ContactToUs" time="28.244"/>
</testsuite> <!-- testCases.TC_004ContacttoUsTest -->
