<?xml version="1.0" encoding="UTF-8"?>
<!-- Generated by org.testng.reporters.JUnitReportReporter -->
<testsuite hostname="DESKTOP-N2PRSIL" failures="0" tests="1" name="testCases.TC_004ContacttoUsTest" time="26.423" errors="0" timestamp="2025-06-05T12:07:25 IST" skipped="0">
  <testcase classname="testCases.TC_004ContacttoUsTest" name="ContactToUs" time="26.423"/>
</testsuite> <!-- testCases.TC_004ContacttoUsTest -->
