<?xml version="1.0" encoding="UTF-8"?>
<!-- Generated by org.testng.reporters.JUnitReportReporter -->
<testsuite hostname="DESKTOP-N2PRSIL" failures="0" tests="2" name="testCases.TC_002VerifyTestCases" time="7.357" errors="0" timestamp="2025-06-05T09:47:26 IST" skipped="0">
  <testcase classname="testCases.TC_002VerifyTestCases" name="VerifyTestCases" time="1.590"/>
  <testcase classname="testCases.TC_002VerifyTestCases" name="VerifyTestCases" time="5.767"/>
</testsuite> <!-- testCases.TC_002VerifyTestCases -->
