<?xml version="1.0" encoding="UTF-8"?>
<!-- Generated by org.testng.reporters.JUnitReportReporter -->
<testsuite hostname="DESKTOP-N2PRSIL" failures="0" tests="2" name="testCases.TC_003LoginWithInvalidEmailAndPassword" time="3.020" errors="0" timestamp="2025-06-05T14:21:21 IST" skipped="0">
  <testcase classname="testCases.TC_003LoginWithInvalidEmailAndPassword" name="ClickOnSignup" time="1.121"/>
  <testcase classname="testCases.TC_003LoginWithInvalidEmailAndPassword" name="VerifLoginFunctionality" time="1.899"/>
</testsuite> <!-- testCases.TC_003LoginWithInvalidEmailAndPassword -->
