<?xml version="1.0" encoding="UTF-8"?>
<!-- Generated by org.testng.reporters.JUnitReportReporter -->
<testsuite hostname="DESKTOP-N2PRSIL" failures="0" tests="2" name="testCases.TC_001SignupForNewUser" time="39.043" errors="0" timestamp="2025-06-06T10:26:40 IST" skipped="0">
  <testcase classname="testCases.TC_001SignupForNewUser" name="ClickSignupLogin" time="3.653"/>
  <testcase classname="testCases.TC_001SignupForNewUser" name="EnterAccountDetails" time="35.390"/>
</testsuite> <!-- testCases.TC_001SignupForNewUser -->
