<?xml version="1.0" encoding="UTF-8"?>
<!-- Generated by org.testng.reporters.JUnitReportReporter -->
<testsuite hostname="DESKTOP-N2PRSIL" failures="0" tests="2" name="testCases.TC_003LoginWithInvalidEmailAndPassword" time="4.109" errors="0" timestamp="2025-06-06T10:26:40 IST" skipped="0">
  <testcase classname="testCases.TC_003LoginWithInvalidEmailAndPassword" name="ClickOnSignup" time="1.730"/>
  <testcase classname="testCases.TC_003LoginWithInvalidEmailAndPassword" name="VerifLoginFunctionality" time="2.379"/>
</testsuite> <!-- testCases.TC_003LoginWithInvalidEmailAndPassword -->
